<?xml version="1.0" encoding="UTF-8"?>
<testsuite xmlns:xsi="http://www.w3.org/2001/XMLSchema-instance" xsi:noNamespaceSchemaLocation="https://maven.apache.org/surefire/maven-surefire-plugin/xsd/surefire-test-report-3.0.xsd" version="3.0" name="pe.edu.pucp.softinv.dao.IncidenciaDAOTest" time="0.0" tests="5" errors="0" skipped="5" failures="0">
  <properties/>
  <testcase name="testModificar" classname="pe.edu.pucp.softinv.dao.IncidenciaDAOTest" time="0.0">
    <skipped message="Prototype tests disabled"/>
  </testcase>
  <testcase name="testObtenerPorId" classname="pe.edu.pucp.softinv.dao.IncidenciaDAOTest" time="0.0">
    <skipped message="Prototype tests disabled"/>
  </testcase>
  <testcase name="testEliminar" classname="pe.edu.pucp.softinv.dao.IncidenciaDAOTest" time="0.0">
    <skipped message="Prototype tests disabled"/>
  </testcase>
  <testcase name="testInsertar" classname="pe.edu.pucp.softinv.dao.IncidenciaDAOTest" time="0.0">
    <skipped message="Prototype tests disabled"/>
  </testcase>
  <testcase name="testListarTodos" classname="pe.edu.pucp.softinv.dao.IncidenciaDAOTest" time="0.0">
    <skipped message="Prototype tests disabled"/>
  </testcase>
</testsuite>